  main.cpp
G:\4.2\Computer Graphics\Project\main.cpp(312,67): warning C4305: 'argument': truncation from 'double' to 'float'
G:\4.2\Computer Graphics\Project\main.cpp(312,63): warning C4305: 'argument': truncation from 'double' to 'float'
G:\4.2\Computer Graphics\Project\main.cpp(312,59): warning C4305: 'argument': truncation from 'double' to 'float'
G:\4.2\Computer Graphics\Project\main.cpp(324,61): warning C4305: 'argument': truncation from 'double' to 'float'
G:\4.2\Computer Graphics\Project\main.cpp(324,57): warning C4305: 'argument': truncation from 'double' to 'float'
G:\4.2\Computer Graphics\Project\main.cpp(324,53): warning C4305: 'argument': truncation from 'double' to 'float'
G:\4.2\Computer Graphics\Project\main.cpp(328,50): warning C4305: 'argument': truncation from 'double' to 'float'
G:\4.2\Computer Graphics\Project\main.cpp(329,50): warning C4305: 'argument': truncation from 'double' to 'float'
G:\4.2\Computer Graphics\Project\main.cpp(456,61): warning C4305: 'argument': truncation from 'double' to 'float'
G:\4.2\Computer Graphics\Project\main.cpp(456,54): warning C4305: 'argument': truncation from 'double' to 'float'
G:\4.2\Computer Graphics\Project\main.cpp(456,47): warning C4305: 'argument': truncation from 'double' to 'float'
G:\4.2\Computer Graphics\Project\main.cpp(469,60): warning C4305: 'argument': truncation from 'double' to 'float'
G:\4.2\Computer Graphics\Project\main.cpp(469,53): warning C4305: 'argument': truncation from 'double' to 'float'
G:\4.2\Computer Graphics\Project\main.cpp(469,46): warning C4305: 'argument': truncation from 'double' to 'float'
G:\4.2\Computer Graphics\Project\main.cpp(479,61): warning C4305: 'argument': truncation from 'double' to 'float'
G:\4.2\Computer Graphics\Project\main.cpp(479,54): warning C4305: 'argument': truncation from 'double' to 'float'
G:\4.2\Computer Graphics\Project\main.cpp(479,47): warning C4305: 'argument': truncation from 'double' to 'float'
G:\4.2\Computer Graphics\Project\main.cpp(489,61): warning C4305: 'argument': truncation from 'double' to 'float'
G:\4.2\Computer Graphics\Project\main.cpp(489,54): warning C4305: 'argument': truncation from 'double' to 'float'
G:\4.2\Computer Graphics\Project\main.cpp(489,47): warning C4305: 'argument': truncation from 'double' to 'float'
G:\4.2\Computer Graphics\Project\main.cpp(500,61): warning C4305: 'argument': truncation from 'double' to 'float'
G:\4.2\Computer Graphics\Project\main.cpp(500,54): warning C4305: 'argument': truncation from 'double' to 'float'
G:\4.2\Computer Graphics\Project\main.cpp(500,47): warning C4305: 'argument': truncation from 'double' to 'float'
G:\4.2\Computer Graphics\Project\main.cpp(603,47): warning C4305: '-=': truncation from 'double' to 'float'
G:\4.2\Computer Graphics\Project\main.cpp(604,52): warning C4305: '-=': truncation from 'double' to 'float'
G:\4.2\Computer Graphics\Project\main.cpp(605,34): warning C4305: '-=': truncation from 'double' to 'float'
G:\4.2\Computer Graphics\Project\main.cpp(607,75): warning C4305: '+=': truncation from 'double' to 'float'
G:\4.2\Computer Graphics\Project\main.cpp(608,75): warning C4305: '-=': truncation from 'double' to 'float'
G:\4.2\Computer Graphics\Project\main.cpp(609,75): warning C4305: '+=': truncation from 'double' to 'float'
G:\4.2\Computer Graphics\Project\main.cpp(610,75): warning C4305: '-=': truncation from 'double' to 'float'
G:\4.2\Computer Graphics\Project\main.cpp(611,75): warning C4305: '+=': truncation from 'double' to 'float'
G:\4.2\Computer Graphics\Project\main.cpp(612,75): warning C4305: '-=': truncation from 'double' to 'float'
G:\4.2\Computer Graphics\Project\main.cpp(613,71): warning C4305: '+=': truncation from 'double' to 'float'
G:\4.2\Computer Graphics\Project\main.cpp(614,71): warning C4305: '-=': truncation from 'double' to 'float'
G:\4.2\Computer Graphics\Project\main.cpp(615,71): warning C4305: '+=': truncation from 'double' to 'float'
G:\4.2\Computer Graphics\Project\main.cpp(616,71): warning C4305: '-=': truncation from 'double' to 'float'
G:\4.2\Computer Graphics\Project\main.cpp(617,71): warning C4305: '+=': truncation from 'double' to 'float'
G:\4.2\Computer Graphics\Project\main.cpp(618,71): warning C4305: '-=': truncation from 'double' to 'float'
G:\4.2\Computer Graphics\Project\main.cpp(622,29): warning C4305: '+=': truncation from 'double' to 'float'
G:\4.2\Computer Graphics\Project\main.cpp(629,29): warning C4305: '+=': truncation from 'double' to 'float'
G:\4.2\Computer Graphics\Project\main.cpp(636,29): warning C4305: '+=': truncation from 'double' to 'float'
G:\4.2\Computer Graphics\Project\main.cpp(644,21): warning C4244: '+=': conversion from 'double' to 'float', possible loss of data
G:\4.2\Computer Graphics\Project\main.cpp(649,21): warning C4244: '-=': conversion from 'double' to 'float', possible loss of data
G:\4.2\Computer Graphics\Project\main.cpp(654,21): warning C4244: '+=': conversion from 'double' to 'float', possible loss of data
G:\4.2\Computer Graphics\Project\main.cpp(659,21): warning C4244: '-=': conversion from 'double' to 'float', possible loss of data
G:\4.2\Computer Graphics\Project\main.cpp(664,21): warning C4244: '+=': conversion from 'double' to 'float', possible loss of data
G:\4.2\Computer Graphics\Project\main.cpp(669,21): warning C4244: '-=': conversion from 'double' to 'float', possible loss of data
  Lighting.vcxproj -> G:\4.2\Computer Graphics\Project\x64\Debug\Lighting.exe
